{
"/Users/itmnext13/Downloads/NEXT/3_2015/jagual/ILOVEHW/src/hwGraph.js":{"path":"/Users/itmnext13/Downloads/NEXT/3_2015/jagual/ILOVEHW/src/hwGraph.js","s":{"1":1,"2":1,"3":1,"4":0,"5":1,"6":1,"7":1,"8":1,"9":6,"10":6,"11":6,"12":1,"13":1,"14":1,"15":1,"16":1,"17":6,"18":6,"19":14,"20":5,"21":5,"22":5,"23":5,"24":6,"25":1},"b":{"1":[0,1],"2":[5,9]},"f":{"1":1,"2":6,"3":14},"fnMap":{"1":{"name":"bfs","line":9,"loc":{"start":{"line":4,"column":5},"end":{"line":4,"column":24}}},"2":{"name":"(anonymous_2)","line":17,"loc":{"start":{"line":12,"column":18},"end":{"line":12,"column":30}}},"3":{"name":"(anonymous_3)","line":30,"loc":{"start":{"line":25,"column":36},"end":{"line":25,"column":48}}}},"statementMap":{"1":{"start":{"line":0,"column":0},"end":{"line":0,"column":0},"skip":true},"2":{"end":{"line":53,"column":1},"start":{"line":3,"column":0}},"3":{"end":{"line":6,"column":47},"start":{"line":6,"column":4}},"4":{"end":{"line":6,"column":47},"start":{"line":6,"column":37}},"5":{"end":{"line":7,"column":34},"start":{"line":7,"column":4}},"6":{"end":{"line":8,"column":15},"start":{"line":8,"column":4}},"7":{"end":{"line":9,"column":15},"start":{"line":9,"column":4}},"8":{"end":{"line":16,"column":6},"start":{"line":9,"column":16}},"9":{"end":{"line":13,"column":27},"start":{"line":13,"column":6}},"10":{"end":{"line":14,"column":30},"start":{"line":14,"column":6}},"11":{"end":{"line":15,"column":41},"start":{"line":15,"column":6}},"12":{"end":{"line":18,"column":24},"start":{"line":16,"column":7}},"13":{"end":{"line":19,"column":25},"start":{"line":19,"column":4}},"14":{"end":{"line":20,"column":28},"start":{"line":20,"column":4}},"15":{"end":{"line":21,"column":19},"start":{"line":21,"column":4}},"16":{"end":{"line":34,"column":5},"start":{"line":23,"column":4}},"17":{"end":{"line":24,"column":26},"start":{"line":24,"column":6}},"18":{"end":{"line":32,"column":9},"start":{"line":25,"column":6}},"19":{"end":{"line":31,"column":9},"start":{"line":26,"column":8}},"20":{"end":{"line":27,"column":43},"start":{"line":27,"column":10}},"21":{"end":{"line":28,"column":34},"start":{"line":28,"column":10}},"22":{"end":{"line":29,"column":26},"start":{"line":29,"column":10}},"23":{"end":{"line":30,"column":20},"start":{"line":30,"column":10}},"24":{"end":{"line":33,"column":28},"start":{"line":33,"column":6}},"25":{"start":{"line":0,"column":0},"end":{"line":0,"column":0},"skip":true}},"branchMap":{"1":{"line":11,"type":"if","locations":[{"end":{"line":6,"column":4},"start":{"line":6,"column":4}},{"end":{"line":6,"column":4},"start":{"line":6,"column":4}}]},"2":{"line":31,"type":"if","locations":[{"end":{"line":26,"column":8},"start":{"line":26,"column":8}},{"end":{"line":26,"column":8},"start":{"line":26,"column":8}}]}},"l":{"0":1,"3":1,"6":1,"7":1,"8":1,"9":1,"13":6,"14":6,"15":6,"16":1,"19":1,"20":1,"21":1,"23":1,"24":6,"25":6,"26":14,"27":5,"28":5,"29":5,"30":5,"33":6}},
"/Users/itmnext13/Downloads/NEXT/3_2015/jagual/ILOVEHW/src/hwSort.js":{"path":"/Users/itmnext13/Downloads/NEXT/3_2015/jagual/ILOVEHW/src/hwSort.js","s":{"1":1,"2":1,"3":10,"4":1,"5":9,"6":1,"7":8,"8":1,"9":7,"10":7,"11":1,"12":6,"13":56,"14":56,"15":56,"16":195,"17":195,"18":56,"19":6,"20":122,"21":3,"22":119,"23":119,"24":119,"25":0,"26":119,"27":63,"28":56,"29":56,"30":56,"31":56,"32":56,"33":56,"34":56,"35":56,"36":56,"37":56,"38":56,"39":228,"40":107,"41":103,"42":103,"43":4,"44":4,"45":121,"46":1,"47":1,"48":120,"49":120,"50":7,"51":3,"52":4,"53":4,"54":4,"55":4,"56":4,"57":4,"58":27,"59":27,"60":224,"61":224,"62":14,"63":14,"64":14,"65":4,"66":53,"67":3,"68":50,"69":50,"70":50,"71":0,"72":50,"73":27,"74":23,"75":23,"76":23,"77":23,"78":23,"79":23,"80":3,"81":20,"82":8,"83":12,"84":23,"85":23,"86":0,"87":23,"88":0,"89":23,"90":23,"91":23,"92":23,"93":23,"94":23,"95":23,"96":45,"97":45,"98":23,"99":23,"100":23,"101":53,"102":53,"103":33,"104":33,"105":23,"106":205,"107":3,"108":202,"109":3,"110":199,"111":3,"112":196,"113":4,"114":38,"115":1},"b":{"1":[1,9],"2":[1,8],"3":[1,7],"4":[1,6],"5":[251,236],"6":[3,119],"7":[119,23],"8":[119,7],"9":[0,119],"10":[63,56],"11":[107,121],"12":[228,108],"13":[103,4],"14":[1,120],"15":[3,4],"16":[14,210],"17":[3,50],"18":[50,11],"19":[50,4],"20":[0,50],"21":[27,23],"22":[3,20],"23":[23,9],"24":[8,12],"25":[0,23],"26":[0,23],"27":[23,22],"28":[33,20],"29":[3,202],"30":[3,199],"31":[3,196],"32":[38,34]},"f":{"1":10,"2":122,"3":56,"4":7,"5":53,"6":23,"7":205,"8":4,"9":38},"fnMap":{"1":{"name":"insertionSort","line":7,"loc":{"start":{"line":2,"column":15},"end":{"line":2,"column":21}}},"2":{"name":"mergeSort","line":43,"loc":{"start":{"line":39,"column":11},"end":{"line":39,"column":29}}},"3":{"name":"merge","line":57,"loc":{"start":{"line":54,"column":7},"end":{"line":54,"column":30}}},"4":{"name":"slowMaxSubArray","line":82,"loc":{"start":{"line":80,"column":17},"end":{"line":80,"column":23}}},"5":{"name":"maxSubArray","line":107,"loc":{"start":{"line":106,"column":13},"end":{"line":106,"column":31}}},"6":{"name":"maxSubCrossArray","line":138,"loc":{"start":{"line":138,"column":18},"end":{"line":138,"column":41}}},"7":{"name":"isvalid","line":173,"loc":{"start":{"line":174,"column":9},"end":{"line":174,"column":15}}},"8":{"name":"isSorted","line":191,"loc":{"start":{"line":193,"column":10},"end":{"line":193,"column":16}}},"9":{"name":"(anonymous_9)","line":193,"loc":{"start":{"line":195,"column":21},"end":{"line":195,"column":51}}}},"statementMap":{"1":{"start":{"line":0,"column":0},"end":{"line":0,"column":0},"skip":true},"2":{"end":{"line":201,"column":2},"start":{"line":1,"column":-15}},"3":{"end":{"line":6,"column":5},"start":{"line":4,"column":4}},"4":{"end":{"line":5,"column":16},"start":{"line":5,"column":6}},"5":{"end":{"line":11,"column":5},"start":{"line":6,"column":5}},"6":{"end":{"line":10,"column":16},"start":{"line":10,"column":6}},"7":{"end":{"line":16,"column":5},"start":{"line":11,"column":5}},"8":{"end":{"line":15,"column":16},"start":{"line":15,"column":6}},"9":{"end":{"line":18,"column":22},"start":{"line":18,"column":4}},"10":{"end":{"line":36,"column":5},"start":{"line":18,"column":23}},"11":{"end":{"line":22,"column":17},"start":{"line":22,"column":6}},"12":{"end":{"line":33,"column":7},"start":{"line":24,"column":6}},"13":{"end":{"line":25,"column":27},"start":{"line":25,"column":8}},"14":{"end":{"line":26,"column":23},"start":{"line":26,"column":8}},"15":{"end":{"line":30,"column":9},"start":{"line":27,"column":8}},"16":{"end":{"line":28,"column":30},"start":{"line":28,"column":10}},"17":{"end":{"line":29,"column":14},"start":{"line":29,"column":10}},"18":{"end":{"line":32,"column":26},"start":{"line":32,"column":8}},"19":{"end":{"line":35,"column":17},"start":{"line":35,"column":6}},"20":{"end":{"line":40,"column":38},"start":{"line":40,"column":4}},"21":{"end":{"line":40,"column":38},"start":{"line":40,"column":28}},"22":{"end":{"line":41,"column":23},"start":{"line":41,"column":4}},"23":{"end":{"line":42,"column":28},"start":{"line":42,"column":4}},"24":{"end":{"line":43,"column":31},"start":{"line":43,"column":4}},"25":{"end":{"line":43,"column":31},"start":{"line":43,"column":21}},"26":{"end":{"line":44,"column":38},"start":{"line":44,"column":4}},"27":{"end":{"line":44,"column":38},"start":{"line":44,"column":27}},"28":{"end":{"line":46,"column":52},"start":{"line":46,"column":4}},"29":{"end":{"line":47,"column":36},"start":{"line":47,"column":4}},"30":{"end":{"line":48,"column":34},"start":{"line":48,"column":4}},"31":{"end":{"line":49,"column":37},"start":{"line":49,"column":4}},"32":{"end":{"line":51,"column":15},"start":{"line":51,"column":4}},"33":{"end":{"line":55,"column":37},"start":{"line":55,"column":4}},"34":{"end":{"line":56,"column":31},"start":{"line":56,"column":4}},"35":{"end":{"line":57,"column":12},"start":{"line":57,"column":4}},"36":{"end":{"line":58,"column":20},"start":{"line":58,"column":4}},"37":{"end":{"line":59,"column":21},"start":{"line":59,"column":4}},"38":{"end":{"line":77,"column":5},"start":{"line":61,"column":4}},"39":{"end":{"line":76,"column":7},"start":{"line":62,"column":6}},"40":{"end":{"line":69,"column":9},"start":{"line":63,"column":8}},"41":{"end":{"line":64,"column":35},"start":{"line":64,"column":10}},"42":{"end":{"line":65,"column":20},"start":{"line":65,"column":10}},"43":{"end":{"line":67,"column":37},"start":{"line":67,"column":10}},"44":{"end":{"line":68,"column":21},"start":{"line":68,"column":10}},"45":{"end":{"line":76,"column":7},"start":{"line":70,"column":13}},"46":{"end":{"line":71,"column":33},"start":{"line":71,"column":8}},"47":{"end":{"line":72,"column":18},"start":{"line":72,"column":8}},"48":{"end":{"line":74,"column":35},"start":{"line":74,"column":8}},"49":{"end":{"line":75,"column":19},"start":{"line":75,"column":8}},"50":{"end":{"line":81,"column":38},"start":{"line":81,"column":4}},"51":{"end":{"line":81,"column":38},"start":{"line":81,"column":28}},"52":{"end":{"line":82,"column":28},"start":{"line":82,"column":4}},"53":{"end":{"line":83,"column":31},"start":{"line":83,"column":4}},"54":{"end":{"line":84,"column":16},"start":{"line":84,"column":4}},"55":{"end":{"line":85,"column":17},"start":{"line":85,"column":4}},"56":{"end":{"line":86,"column":15},"start":{"line":86,"column":4}},"57":{"end":{"line":97,"column":5},"start":{"line":87,"column":4}},"58":{"end":{"line":88,"column":14},"start":{"line":88,"column":6}},"59":{"end":{"line":96,"column":7},"start":{"line":89,"column":6}},"60":{"end":{"line":90,"column":22},"start":{"line":90,"column":8}},"61":{"end":{"line":95,"column":9},"start":{"line":91,"column":8}},"62":{"end":{"line":92,"column":23},"start":{"line":92,"column":10}},"63":{"end":{"line":93,"column":25},"start":{"line":93,"column":10}},"64":{"end":{"line":94,"column":20},"start":{"line":94,"column":10}},"65":{"end":{"line":103,"column":6},"start":{"line":99,"column":4}},"66":{"end":{"line":107,"column":38},"start":{"line":107,"column":4}},"67":{"end":{"line":107,"column":38},"start":{"line":107,"column":28}},"68":{"end":{"line":108,"column":23},"start":{"line":108,"column":4}},"69":{"end":{"line":109,"column":28},"start":{"line":109,"column":4}},"70":{"end":{"line":110,"column":31},"start":{"line":110,"column":4}},"71":{"end":{"line":110,"column":31},"start":{"line":110,"column":21}},"72":{"end":{"line":117,"column":5},"start":{"line":111,"column":4}},"73":{"end":{"line":116,"column":10},"start":{"line":112,"column":6}},"74":{"end":{"line":119,"column":52},"start":{"line":119,"column":4}},"75":{"end":{"line":121,"column":49},"start":{"line":121,"column":4}},"76":{"end":{"line":122,"column":48},"start":{"line":122,"column":4}},"77":{"end":{"line":123,"column":60},"start":{"line":123,"column":4}},"78":{"end":{"line":125,"column":12},"start":{"line":125,"column":4}},"79":{"end":{"line":133,"column":5},"start":{"line":127,"column":4}},"80":{"end":{"line":128,"column":17},"start":{"line":128,"column":6}},"81":{"end":{"line":133,"column":5},"start":{"line":129,"column":11}},"82":{"end":{"line":130,"column":18},"start":{"line":130,"column":6}},"83":{"end":{"line":132,"column":18},"start":{"line":132,"column":6}},"84":{"end":{"line":135,"column":15},"start":{"line":135,"column":4}},"85":{"end":{"line":139,"column":40},"start":{"line":139,"column":4}},"86":{"end":{"line":139,"column":40},"start":{"line":139,"column":30}},"87":{"end":{"line":140,"column":31},"start":{"line":140,"column":4}},"88":{"end":{"line":140,"column":31},"start":{"line":140,"column":21}},"89":{"end":{"line":142,"column":17},"start":{"line":142,"column":4}},"90":{"end":{"line":143,"column":15},"start":{"line":143,"column":4}},"91":{"end":{"line":144,"column":35},"start":{"line":144,"column":4}},"92":{"end":{"line":145,"column":36},"start":{"line":145,"column":4}},"93":{"end":{"line":146,"column":20},"start":{"line":146,"column":4}},"94":{"end":{"line":147,"column":20},"start":{"line":147,"column":4}},"95":{"end":{"line":156,"column":5},"start":{"line":147,"column":21}},"96":{"end":{"line":151,"column":33},"start":{"line":151,"column":6}},"97":{"end":{"line":155,"column":7},"start":{"line":152,"column":6}},"98":{"end":{"line":153,"column":21},"start":{"line":153,"column":8}},"99":{"end":{"line":154,"column":26},"start":{"line":154,"column":8}},"100":{"end":{"line":165,"column":5},"start":{"line":156,"column":5}},"101":{"end":{"line":160,"column":35},"start":{"line":160,"column":6}},"102":{"end":{"line":164,"column":7},"start":{"line":161,"column":6}},"103":{"end":{"line":162,"column":23},"start":{"line":162,"column":8}},"104":{"end":{"line":163,"column":28},"start":{"line":163,"column":8}},"105":{"end":{"line":171,"column":8},"start":{"line":167,"column":4}},"106":{"end":{"line":178,"column":5},"start":{"line":176,"column":4}},"107":{"end":{"line":177,"column":19},"start":{"line":177,"column":6}},"108":{"end":{"line":183,"column":5},"start":{"line":178,"column":5}},"109":{"end":{"line":182,"column":19},"start":{"line":182,"column":6}},"110":{"end":{"line":188,"column":5},"start":{"line":183,"column":5}},"111":{"end":{"line":187,"column":19},"start":{"line":187,"column":6}},"112":{"end":{"line":190,"column":16},"start":{"line":190,"column":4}},"113":{"end":{"line":199,"column":7},"start":{"line":195,"column":4}},"114":{"end":{"line":198,"column":54},"start":{"line":198,"column":6}},"115":{"start":{"line":0,"column":0},"end":{"line":0,"column":0},"skip":true}},"branchMap":{"1":{"line":9,"type":"if","locations":[{"end":{"line":4,"column":4},"start":{"line":4,"column":4}},{"end":{"line":4,"column":4},"start":{"line":4,"column":4}}]},"2":{"line":14,"type":"if","locations":[{"end":{"line":6,"column":5},"start":{"line":6,"column":5}},{"end":{"line":6,"column":5},"start":{"line":6,"column":5}}]},"3":{"line":19,"type":"if","locations":[{"end":{"line":11,"column":5},"start":{"line":11,"column":5}},{"end":{"line":11,"column":5},"start":{"line":11,"column":5}}]},"4":{"line":26,"type":"if","locations":[{"end":{"line":18,"column":23},"start":{"line":18,"column":23}},{"end":{"line":18,"column":23},"start":{"line":18,"column":23}}]},"5":{"line":32,"type":"binary-expr","locations":[{"end":{"line":27,"column":21},"start":{"line":27,"column":15}},{"end":{"line":27,"column":39},"start":{"line":27,"column":25}}]},"6":{"line":44,"type":"if","locations":[{"end":{"line":40,"column":4},"start":{"line":40,"column":4}},{"end":{"line":40,"column":4},"start":{"line":40,"column":4}}]},"7":{"line":45,"type":"binary-expr","locations":[{"end":{"line":41,"column":17},"start":{"line":41,"column":12}},{"end":{"line":41,"column":22},"start":{"line":41,"column":21}}]},"8":{"line":46,"type":"binary-expr","locations":[{"end":{"line":42,"column":13},"start":{"line":42,"column":10}},{"end":{"line":42,"column":27},"start":{"line":42,"column":17}}]},"9":{"line":47,"type":"if","locations":[{"end":{"line":43,"column":4},"start":{"line":43,"column":4}},{"end":{"line":43,"column":4},"start":{"line":43,"column":4}}]},"10":{"line":48,"type":"if","locations":[{"end":{"line":44,"column":4},"start":{"line":44,"column":4}},{"end":{"line":44,"column":4},"start":{"line":44,"column":4}}]},"11":{"line":65,"type":"if","locations":[{"end":{"line":62,"column":6},"start":{"line":62,"column":6}},{"end":{"line":62,"column":6},"start":{"line":62,"column":6}}]},"12":{"line":65,"type":"binary-expr","locations":[{"end":{"line":62,"column":31},"start":{"line":62,"column":10}},{"end":{"line":62,"column":58},"start":{"line":62,"column":35}}]},"13":{"line":66,"type":"if","locations":[{"end":{"line":63,"column":8},"start":{"line":63,"column":8}},{"end":{"line":63,"column":8},"start":{"line":63,"column":8}}]},"14":{"line":73,"type":"if","locations":[{"end":{"line":70,"column":13},"start":{"line":70,"column":13}},{"end":{"line":70,"column":13},"start":{"line":70,"column":13}}]},"15":{"line":83,"type":"if","locations":[{"end":{"line":81,"column":4},"start":{"line":81,"column":4}},{"end":{"line":81,"column":4},"start":{"line":81,"column":4}}]},"16":{"line":93,"type":"if","locations":[{"end":{"line":91,"column":8},"start":{"line":91,"column":8}},{"end":{"line":91,"column":8},"start":{"line":91,"column":8}}]},"17":{"line":108,"type":"if","locations":[{"end":{"line":107,"column":4},"start":{"line":107,"column":4}},{"end":{"line":107,"column":4},"start":{"line":107,"column":4}}]},"18":{"line":109,"type":"binary-expr","locations":[{"end":{"line":108,"column":17},"start":{"line":108,"column":12}},{"end":{"line":108,"column":22},"start":{"line":108,"column":21}}]},"19":{"line":110,"type":"binary-expr","locations":[{"end":{"line":109,"column":13},"start":{"line":109,"column":10}},{"end":{"line":109,"column":27},"start":{"line":109,"column":17}}]},"20":{"line":111,"type":"if","locations":[{"end":{"line":110,"column":4},"start":{"line":110,"column":4}},{"end":{"line":110,"column":4},"start":{"line":110,"column":4}}]},"21":{"line":112,"type":"if","locations":[{"end":{"line":111,"column":4},"start":{"line":111,"column":4}},{"end":{"line":111,"column":4},"start":{"line":111,"column":4}}]},"22":{"line":128,"type":"if","locations":[{"end":{"line":127,"column":4},"start":{"line":127,"column":4}},{"end":{"line":127,"column":4},"start":{"line":127,"column":4}}]},"23":{"line":128,"type":"binary-expr","locations":[{"end":{"line":127,"column":29},"start":{"line":127,"column":8}},{"end":{"line":127,"column":54},"start":{"line":127,"column":33}}]},"24":{"line":130,"type":"if","locations":[{"end":{"line":129,"column":11},"start":{"line":129,"column":11}},{"end":{"line":129,"column":11},"start":{"line":129,"column":11}}]},"25":{"line":139,"type":"if","locations":[{"end":{"line":139,"column":4},"start":{"line":139,"column":4}},{"end":{"line":139,"column":4},"start":{"line":139,"column":4}}]},"26":{"line":140,"type":"if","locations":[{"end":{"line":140,"column":4},"start":{"line":140,"column":4}},{"end":{"line":140,"column":4},"start":{"line":140,"column":4}}]},"27":{"line":152,"type":"if","locations":[{"end":{"line":152,"column":6},"start":{"line":152,"column":6}},{"end":{"line":152,"column":6},"start":{"line":152,"column":6}}]},"28":{"line":161,"type":"if","locations":[{"end":{"line":161,"column":6},"start":{"line":161,"column":6}},{"end":{"line":161,"column":6},"start":{"line":161,"column":6}}]},"29":{"line":175,"type":"if","locations":[{"end":{"line":176,"column":4},"start":{"line":176,"column":4}},{"end":{"line":176,"column":4},"start":{"line":176,"column":4}}]},"30":{"line":180,"type":"if","locations":[{"end":{"line":178,"column":5},"start":{"line":178,"column":5}},{"end":{"line":178,"column":5},"start":{"line":178,"column":5}}]},"31":{"line":185,"type":"if","locations":[{"end":{"line":183,"column":5},"start":{"line":183,"column":5}},{"end":{"line":183,"column":5},"start":{"line":183,"column":5}}]},"32":{"line":196,"type":"binary-expr","locations":[{"end":{"line":198,"column":24},"start":{"line":198,"column":13}},{"end":{"line":198,"column":53},"start":{"line":198,"column":28}}]}},"l":{"0":1,"1":1,"4":10,"5":1,"6":9,"10":1,"11":8,"15":1,"18":7,"22":1,"24":6,"25":56,"26":56,"27":56,"28":195,"29":195,"32":56,"35":6,"40":122,"41":119,"42":119,"43":119,"44":119,"46":56,"47":56,"48":56,"49":56,"51":56,"55":56,"56":56,"57":56,"58":56,"59":56,"61":56,"62":228,"63":107,"64":103,"65":103,"67":4,"68":4,"70":121,"71":1,"72":1,"74":120,"75":120,"81":7,"82":4,"83":4,"84":4,"85":4,"86":4,"87":4,"88":27,"89":27,"90":224,"91":224,"92":14,"93":14,"94":14,"99":4,"107":53,"108":50,"109":50,"110":50,"111":50,"112":27,"119":23,"121":23,"122":23,"123":23,"125":23,"127":23,"128":3,"129":20,"130":8,"132":12,"135":23,"139":23,"140":23,"142":23,"143":23,"144":23,"145":23,"146":23,"147":23,"151":45,"152":45,"153":23,"154":23,"156":23,"160":53,"161":53,"162":33,"163":33,"167":23,"176":205,"177":3,"178":202,"182":3,"183":199,"187":3,"190":196,"195":4,"198":38}}}
