{
"/Users/itmnext13/Downloads/NEXT/3_2015/자구알/ILOVEHW/src/ilovehw.js":{"path":"/Users/itmnext13/Downloads/NEXT/3_2015/자구알/ILOVEHW/src/ilovehw.js","s":{"1":1,"2":1,"3":5,"4":1,"5":4,"6":1,"7":3,"8":3,"9":1,"10":2,"11":20,"12":20,"13":20,"14":83,"15":83,"16":20,"17":2,"18":1},"b":{"1":[1,4],"2":[1,3],"3":[1,2],"4":[103,100]},"f":{"1":5},"fnMap":{"1":{"name":"insertionSort","line":7,"loc":{"start":{"line":2,"column":15},"end":{"line":2,"column":21}}}},"statementMap":{"1":{"start":{"line":0,"column":0},"end":{"line":0,"column":0},"skip":true},"2":{"end":{"line":28,"column":2},"start":{"line":1,"column":-15}},"3":{"end":{"line":6,"column":5},"start":{"line":4,"column":4}},"4":{"end":{"line":5,"column":16},"start":{"line":5,"column":6}},"5":{"end":{"line":10,"column":5},"start":{"line":6,"column":5}},"6":{"end":{"line":9,"column":16},"start":{"line":9,"column":6}},"7":{"end":{"line":11,"column":24},"start":{"line":11,"column":4}},"8":{"end":{"line":26,"column":5},"start":{"line":11,"column":25}},"9":{"end":{"line":14,"column":17},"start":{"line":14,"column":6}},"10":{"end":{"line":24,"column":7},"start":{"line":16,"column":6}},"11":{"end":{"line":17,"column":27},"start":{"line":17,"column":8}},"12":{"end":{"line":18,"column":21},"start":{"line":18,"column":8}},"13":{"end":{"line":22,"column":9},"start":{"line":19,"column":8}},"14":{"end":{"line":20,"column":28},"start":{"line":20,"column":10}},"15":{"end":{"line":21,"column":14},"start":{"line":21,"column":10}},"16":{"end":{"line":23,"column":24},"start":{"line":23,"column":8}},"17":{"end":{"line":25,"column":17},"start":{"line":25,"column":6}},"18":{"start":{"line":0,"column":0},"end":{"line":0,"column":0},"skip":true}},"branchMap":{"1":{"line":9,"type":"if","locations":[{"end":{"line":4,"column":4},"start":{"line":4,"column":4}},{"end":{"line":4,"column":4},"start":{"line":4,"column":4}}]},"2":{"line":13,"type":"if","locations":[{"end":{"line":6,"column":5},"start":{"line":6,"column":5}},{"end":{"line":6,"column":5},"start":{"line":6,"column":5}}]},"3":{"line":18,"type":"if","locations":[{"end":{"line":11,"column":25},"start":{"line":11,"column":25}},{"end":{"line":11,"column":25},"start":{"line":11,"column":25}}]},"4":{"line":24,"type":"binary-expr","locations":[{"end":{"line":19,"column":22},"start":{"line":19,"column":16}},{"end":{"line":19,"column":40},"start":{"line":19,"column":26}}]}},"l":{"0":1,"1":1,"4":5,"5":1,"6":4,"9":1,"11":3,"14":1,"16":2,"17":20,"18":20,"19":20,"20":83,"21":83,"23":20,"25":2}}}
