TN:
SF:/Users/itmnext13/Downloads/NEXT/3_2015/jagual/ILOVEHW/src/hwGraph.js
FN:9,bfs
FN:17,(anonymous_2)
FN:30,(anonymous_3)
FNF:3
FNH:3
FNDA:1,bfs
FNDA:6,(anonymous_2)
FNDA:14,(anonymous_3)
DA:0,1
DA:3,1
DA:6,1
DA:7,1
DA:8,1
DA:9,1
DA:13,6
DA:14,6
DA:15,6
DA:16,1
DA:19,1
DA:20,1
DA:21,1
DA:23,1
DA:24,6
DA:25,6
DA:26,14
DA:27,5
DA:28,5
DA:29,5
DA:30,5
DA:33,6
LF:22
LH:22
BRDA:11,1,0,0
BRDA:11,1,1,1
BRDA:31,2,0,5
BRDA:31,2,1,9
BRF:4
BRH:3
end_of_record
TN:
SF:/Users/itmnext13/Downloads/NEXT/3_2015/jagual/ILOVEHW/src/hwSort.js
FN:7,insertionSort
FN:43,mergeSort
FN:57,merge
FN:82,slowMaxSubArray
FN:107,maxSubArray
FN:138,maxSubCrossArray
FN:173,isvalid
FN:191,isSorted
FN:193,(anonymous_9)
FNF:9
FNH:9
FNDA:10,insertionSort
FNDA:122,mergeSort
FNDA:56,merge
FNDA:7,slowMaxSubArray
FNDA:53,maxSubArray
FNDA:23,maxSubCrossArray
FNDA:205,isvalid
FNDA:4,isSorted
FNDA:38,(anonymous_9)
DA:0,1
DA:1,1
DA:4,10
DA:5,1
DA:6,9
DA:10,1
DA:11,8
DA:15,1
DA:18,7
DA:22,1
DA:24,6
DA:25,56
DA:26,56
DA:27,56
DA:28,195
DA:29,195
DA:32,56
DA:35,6
DA:40,122
DA:41,119
DA:42,119
DA:43,119
DA:44,119
DA:46,56
DA:47,56
DA:48,56
DA:49,56
DA:51,56
DA:55,56
DA:56,56
DA:57,56
DA:58,56
DA:59,56
DA:61,56
DA:62,228
DA:63,107
DA:64,103
DA:65,103
DA:67,4
DA:68,4
DA:70,121
DA:71,1
DA:72,1
DA:74,120
DA:75,120
DA:81,7
DA:82,4
DA:83,4
DA:84,4
DA:85,4
DA:86,4
DA:87,4
DA:88,27
DA:89,27
DA:90,224
DA:91,224
DA:92,14
DA:93,14
DA:94,14
DA:99,4
DA:107,53
DA:108,50
DA:109,50
DA:110,50
DA:111,50
DA:112,27
DA:119,23
DA:121,23
DA:122,23
DA:123,23
DA:125,23
DA:127,23
DA:128,3
DA:129,20
DA:130,8
DA:132,12
DA:135,23
DA:139,23
DA:140,23
DA:142,23
DA:143,23
DA:144,23
DA:145,23
DA:146,23
DA:147,23
DA:151,45
DA:152,45
DA:153,23
DA:154,23
DA:156,23
DA:160,53
DA:161,53
DA:162,33
DA:163,33
DA:167,23
DA:176,205
DA:177,3
DA:178,202
DA:182,3
DA:183,199
DA:187,3
DA:190,196
DA:195,4
DA:198,38
LF:104
LH:104
BRDA:9,1,0,1
BRDA:9,1,1,9
BRDA:14,2,0,1
BRDA:14,2,1,8
BRDA:19,3,0,1
BRDA:19,3,1,7
BRDA:26,4,0,1
BRDA:26,4,1,6
BRDA:32,5,0,251
BRDA:32,5,1,236
BRDA:44,6,0,3
BRDA:44,6,1,119
BRDA:45,7,0,119
BRDA:45,7,1,23
BRDA:46,8,0,119
BRDA:46,8,1,7
BRDA:47,9,0,0
BRDA:47,9,1,119
BRDA:48,10,0,63
BRDA:48,10,1,56
BRDA:65,11,0,107
BRDA:65,11,1,121
BRDA:65,12,0,228
BRDA:65,12,1,108
BRDA:66,13,0,103
BRDA:66,13,1,4
BRDA:73,14,0,1
BRDA:73,14,1,120
BRDA:83,15,0,3
BRDA:83,15,1,4
BRDA:93,16,0,14
BRDA:93,16,1,210
BRDA:108,17,0,3
BRDA:108,17,1,50
BRDA:109,18,0,50
BRDA:109,18,1,11
BRDA:110,19,0,50
BRDA:110,19,1,4
BRDA:111,20,0,0
BRDA:111,20,1,50
BRDA:112,21,0,27
BRDA:112,21,1,23
BRDA:128,22,0,3
BRDA:128,22,1,20
BRDA:128,23,0,23
BRDA:128,23,1,9
BRDA:130,24,0,8
BRDA:130,24,1,12
BRDA:139,25,0,0
BRDA:139,25,1,23
BRDA:140,26,0,0
BRDA:140,26,1,23
BRDA:152,27,0,23
BRDA:152,27,1,22
BRDA:161,28,0,33
BRDA:161,28,1,20
BRDA:175,29,0,3
BRDA:175,29,1,202
BRDA:180,30,0,3
BRDA:180,30,1,199
BRDA:185,31,0,3
BRDA:185,31,1,196
BRDA:196,32,0,38
BRDA:196,32,1,34
BRF:64
BRH:60
end_of_record
